  main.cpp
src\main.cpp(1): warning C4068: unknown pragma
src\main.cpp(268): warning C4305: '+=': truncation from 'double' to 'GLfloat'
src\main.cpp(269): warning C4305: '=': truncation from 'double' to 'GLfloat'
src\main.cpp(274): warning C4805: '==': unsafe mix of type 'GLboolean' and type 'bool' in operation
src\main.cpp(281): warning C4805: '==': unsafe mix of type 'GLboolean' and type 'bool' in operation
src\main.cpp(288): warning C4805: '==': unsafe mix of type 'GLboolean' and type 'bool' in operation
src\main.cpp(295): warning C4805: '==': unsafe mix of type 'GLboolean' and type 'bool' in operation
src\main.cpp(302): warning C4805: '==': unsafe mix of type 'GLboolean' and type 'bool' in operation
src\main.cpp(309): warning C4805: '==': unsafe mix of type 'GLboolean' and type 'bool' in operation
src\main.cpp(316): warning C4805: '==': unsafe mix of type 'GLboolean' and type 'bool' in operation
src\main.cpp(323): warning C4805: '==': unsafe mix of type 'GLboolean' and type 'bool' in operation
src\main.cpp(349): warning C4244: 'argument': conversion from 'double' to 'float', possible loss of data
src\main.cpp(354): warning C4244: 'argument': conversion from 'double' to 'float', possible loss of data
src\main.cpp(359): warning C4244: 'argument': conversion from 'double' to 'float', possible loss of data
src\main.cpp(372): warning C4244: 'argument': conversion from 'double' to 'float', possible loss of data
src\main.cpp(387): warning C4838: conversion from 'double' to 'GLfloat' requires a narrowing conversion
src\main.cpp(387): warning C4305: 'initializing': truncation from 'double' to 'GLfloat'
src\main.cpp(403): warning C4244: '=': conversion from 'int' to 'GLfloat', possible loss of data
src\main.cpp(404): warning C4244: '=': conversion from 'int' to 'GLfloat', possible loss of data
src\main.cpp(405): warning C4244: '=': conversion from 'int' to 'GLfloat', possible loss of data
src\main.cpp(412): warning C4244: 'argument': conversion from 'double' to 'float', possible loss of data
  Generating code
  47 of 1738 functions ( 2.7%) were compiled, the rest were copied from previous compilation.
    0 functions were new in current compilation
    0 functions had inline decision re-evaluated but remain unchanged
  Finished generating code
  grk-cw5.vcxproj -> C:\Users\neolo\Documents\GRK\Solar System Mieszko Win\Release\grk-cw5.exe
  grk-cw5.vcxproj -> C:\Users\neolo\Documents\GRK\Solar System Mieszko Win\Release\grk-cw5.pdb (Full PDB)
